<?xml version="1.0" encoding="UTF-8"?>
<testng-results ignored="0" total="1" passed="1" failed="0" skipped="0">
  <reporter-output>
  </reporter-output>
  <suite started-at="2022-07-04T19:28:56 MESZ" name="Surefire suite" finished-at="2022-07-04T19:28:56 MESZ" duration-ms="62">
    <groups>
    </groups>
    <test started-at="2022-07-04T19:28:56 MESZ" name="Surefire test" finished-at="2022-07-04T19:28:56 MESZ" duration-ms="62">
      <class name="org.example.AppTest">
        <test-method signature="shouldAnswerWithTrue()[pri:0, instance:org.example.AppTest@70e8f8e]" started-at="2022-07-04T19:28:56 MESZ" name="shouldAnswerWithTrue" finished-at="2022-07-04T19:28:56 MESZ" duration-ms="5" status="PASS">
          <reporter-output>
          </reporter-output>
        </test-method> <!-- shouldAnswerWithTrue -->
      </class> <!-- org.example.AppTest -->
    </test> <!-- Surefire test -->
  </suite> <!-- Surefire suite -->
</testng-results>
