-------------------------------------------------------------------------------
Test set: de.htwberlin.kba.game_management.impl.GameServiceTest
-------------------------------------------------------------------------------
Tests run: 6, Failures: 1, Errors: 0, Skipped: 0, Time elapsed: 0.806 s <<< FAILURE! - in de.htwberlin.kba.game_management.impl.GameServiceTest
testGiveQuestionsRoundsReturn(de.htwberlin.kba.game_management.impl.GameServiceTest)  Time elapsed: 0.008 s  <<< FAILURE!
java.lang.AssertionError
	at de.htwberlin.kba.game_management.impl.GameServiceTest.testGiveQuestionsRoundsReturn(GameServiceTest.java:216)

