<?xml version="1.0" encoding="UTF-8"?>
<testsuite xmlns:xsi="http://www.w3.org/2001/XMLSchema-instance" xsi:noNamespaceSchemaLocation="https://maven.apache.org/surefire/maven-surefire-plugin/xsd/surefire-test-report.xsd" name="de.htwberlin.kba.game_management.impl.GameServiceTest" time="0.806" tests="6" errors="0" skipped="0" failures="1">
  <properties>
[...]
</properties>
  <testcase name="testCalculatePointsOnce" classname="de.htwberlin.kba.game_management.impl.GameServiceTest" time="0.185"/>
  <testcase name="testCalculatePointsMultipleTimes" classname="de.htwberlin.kba.game_management.impl.GameServiceTest" time="0.003"/>
  <testcase name="testGiveQuestionsNoRoundsReturn" classname="de.htwberlin.kba.game_management.impl.GameServiceTest" time="0.019"/>
  <testcase name="getGamesFromCurrentUser" classname="de.htwberlin.kba.game_management.impl.GameServiceTest" time="0.001"/>
  <testcase name="testCreateGame" classname="de.htwberlin.kba.game_management.impl.GameServiceTest" time="0.001"/>
  <testcase name="testGiveQuestionsRoundsReturn" classname="de.htwberlin.kba.game_management.impl.GameServiceTest" time="0.008">
    <failure type="java.lang.AssertionError">java.lang.AssertionError
	at de.htwberlin.kba.game_management.impl.GameServiceTest.testGiveQuestionsRoundsReturn(GameServiceTest.java:216)
</failure>
  </testcase>
</testsuite>